<?xml version="1.0" encoding="UTF-8"?>
<!-- Generated by org.testng.reporters.JUnitXMLReporter -->
<testsuite hostname="KFAutie-S47" ignored="0" name="Test" tests="6" failures="3" timestamp="21 Jun 2017 20:10:09 GMT" time="654.421" errors="0">
  <testcase name="getColorTest" time="175.94" classname="com.wbl.test.SearchDetailsTest"/>
  <testcase name="getColorTest" time="115.119" classname="com.wbl.test.SearchDetailsTest">
    <failure type="java.lang.AssertionError" message="expected [color found] but found [color disabled]">
      <![CDATA[java.lang.AssertionError: expected [color found] but found [color disabled]
	at com.wbl.test.SearchDetailsTest.getColorTest(SearchDetailsTest.java:94)
... Removed 31 stack frames]]>
    </failure>
  </testcase> <!-- getColorTest -->
  <testcase name="getQuantityTest" time="50.241" classname="com.wbl.test.SearchDetailsTest"/>
  <testcase name="getQuantityTest" time="26.926" classname="com.wbl.test.SearchDetailsTest"/>
  <testcase name="getSizeTest" time="31.98" classname="com.wbl.test.SearchDetailsTest">
    <failure type="org.openqa.selenium.WebDriverException" message="unknown error: Element &amp;lt;label class=&amp;quot;variant&amp;quot; title=&amp;quot;&amp;quot; aria-label=&amp;quot;Select Gold / Ivory / Navy&amp;quot; aria-hidden=&amp;quot;false&amp;quot; tabindex=&amp;quot;0&amp;quot; role=&amp;quot;button&amp;quot; for=&amp;quot;variant-swatcher-item-5&amp;quot; data-reactid=&amp;quot;.0.1.1.1.0.0.1.2.1.1.0.0.0.4.0.$actual_color1-0.0.0.1.0.0:$actual_color-gold/ivory/navy.1&amp;quot;&amp;gt;...&amp;lt;/label&amp;gt; is not clickable at point (859, 33). Other element would receive the click: &amp;lt;button type=&amp;quot;button&amp;quot; aria-disabled=&amp;quot;false&amp;quot; class=&amp;quot;header-GlobalAccountFlyout-flyout-link dropdown-link font-bold display-block btn-fake-link&amp;quot; data-automation-id=&amp;quot;button&amp;quot; data-tl-id=&amp;quot;header-GlobalAccountFlyout-link&amp;quot; id=&amp;quot;header-GlobalAccountFlyout-flyout-link&amp;quot; aria-haspopup=&amp;quot;true&amp;quot; aria-controls=&amp;quot;header-GlobalAccountFlyout&amp;quot; data-reactid=&amp;quot;.0.1.1.0.0.1.2.0.0.1.0.0.5.0.0.0.1.0&amp;quot;&amp;gt;...&amp;lt;/button&amp;gt;
  (Session info: chrome=58.0.3029.110)
  (Driver info: chromedriver=2.27.440174 (e97a722caafc2d3a8b807ee115bfb307f7d2cfd9),platform=Windows NT 6.1.7601 SP1 x86_64) (WARNING: The server did not provide any stacktrace information)
Command duration or timeout: 1.40 seconds
Build info: version: &amp;apos;3.4.0&amp;apos;, revision: &amp;apos;unknown&amp;apos;, time: &amp;apos;unknown&amp;apos;
System info: host: &amp;apos;KFAUTIE-S47&amp;apos;, ip: &amp;apos;192.168.56.1&amp;apos;, os.name: &amp;apos;Windows 7&amp;apos;, os.arch: &amp;apos;amd64&amp;apos;, os.version: &amp;apos;6.1&amp;apos;, java.version: &amp;apos;1.8.0_111&amp;apos;
Driver info: org.openqa.selenium.chrome.ChromeDriver
Capabilities [{applicationCacheEnabled=false, rotatable=false, mobileEmulationEnabled=false, networkConnectionEnabled=false, chrome={chromedriverVersion=2.27.440174 (e97a722caafc2d3a8b807ee115bfb307f7d2cfd9), userDataDir=C:\Users\sjjadhav\AppData\Local\Temp\scoped_dir11976_23467}, takesHeapSnapshot=true, pageLoadStrategy=normal, databaseEnabled=false, handlesAlerts=true, hasTouchScreen=false, version=58.0.3029.110, platform=XP, browserConnectionEnabled=false, nativeEvents=true, acceptSslCerts=true, locationContextEnabled=true, webStorageEnabled=true, browserName=chrome, takesScreenshot=true, javascriptEnabled=true, cssSelectorsEnabled=true, unexpectedAlertBehaviour=}]
Session ID: b4fa0379a1284a7cf28e16035b0d8bc0">
      <![CDATA[org.openqa.selenium.WebDriverException: unknown error: Element <label class="variant" title="" aria-label="Select Gold / Ivory / Navy" aria-hidden="false" tabindex="0" role="button" for="variant-swatcher-item-5" data-reactid=".0.1.1.1.0.0.1.2.1.1.0.0.0.4.0.$actual_color1-0.0.0.1.0.0:$actual_color-gold/ivory/navy.1">...</label> is not clickable at point (859, 33). Other element would receive the click: <button type="button" aria-disabled="false" class="header-GlobalAccountFlyout-flyout-link dropdown-link font-bold display-block btn-fake-link" data-automation-id="button" data-tl-id="header-GlobalAccountFlyout-link" id="header-GlobalAccountFlyout-flyout-link" aria-haspopup="true" aria-controls="header-GlobalAccountFlyout" data-reactid=".0.1.1.0.0.1.2.0.0.1.0.0.5.0.0.0.1.0">...</button>
  (Session info: chrome=58.0.3029.110)
  (Driver info: chromedriver=2.27.440174 (e97a722caafc2d3a8b807ee115bfb307f7d2cfd9),platform=Windows NT 6.1.7601 SP1 x86_64) (WARNING: The server did not provide any stacktrace information)
Command duration or timeout: 1.40 seconds
Build info: version: '3.4.0', revision: 'unknown', time: 'unknown'
System info: host: 'KFAUTIE-S47', ip: '192.168.56.1', os.name: 'Windows 7', os.arch: 'amd64', os.version: '6.1', java.version: '1.8.0_111'
Driver info: org.openqa.selenium.chrome.ChromeDriver
Capabilities [{applicationCacheEnabled=false, rotatable=false, mobileEmulationEnabled=false, networkConnectionEnabled=false, chrome={chromedriverVersion=2.27.440174 (e97a722caafc2d3a8b807ee115bfb307f7d2cfd9), userDataDir=C:\Users\sjjadhav\AppData\Local\Temp\scoped_dir11976_23467}, takesHeapSnapshot=true, pageLoadStrategy=normal, databaseEnabled=false, handlesAlerts=true, hasTouchScreen=false, version=58.0.3029.110, platform=XP, browserConnectionEnabled=false, nativeEvents=true, acceptSslCerts=true, locationContextEnabled=true, webStorageEnabled=true, browserName=chrome, takesScreenshot=true, javascriptEnabled=true, cssSelectorsEnabled=true, unexpectedAlertBehaviour=}]
Session ID: b4fa0379a1284a7cf28e16035b0d8bc0
	at org.openqa.selenium.remote.ErrorHandler.createThrowable(ErrorHandler.java:215)
	at org.openqa.selenium.remote.ErrorHandler.throwIfResponseFailed(ErrorHandler.java:167)
	at org.openqa.selenium.remote.RemoteWebDriver.execute(RemoteWebDriver.java:671)
	at org.openqa.selenium.remote.RemoteWebElement.execute(RemoteWebElement.java:272)
	at org.openqa.selenium.remote.RemoteWebElement.click(RemoteWebElement.java:82)
	at com.wbl.page.SearchDetailsPage.getColor(SearchDetailsPage.java:46)
	at com.wbl.test.SearchDetailsTest.getSizeTest(SearchDetailsTest.java:105)
... Removed 29 stack frames]]>
    </failure>
  </testcase> <!-- getSizeTest -->
  <testcase name="getSizeTest" time="252.536" classname="com.wbl.test.SearchDetailsTest">
    <failure type="org.openqa.selenium.WebDriverException" message="unknown error: Element &amp;lt;label class=&amp;quot;variant&amp;quot; title=&amp;quot;&amp;quot; aria-label=&amp;quot;Select Gold / Blush / Gold&amp;quot; aria-hidden=&amp;quot;false&amp;quot; tabindex=&amp;quot;0&amp;quot; role=&amp;quot;button&amp;quot; for=&amp;quot;variant-swatcher-item-4&amp;quot; data-reactid=&amp;quot;.0.1.1.1.0.0.1.2.1.1.0.0.0.4.0.$actual_color1-0.0.0.1.0.0:$actual_color-gold/blush/gold.1&amp;quot;&amp;gt;...&amp;lt;/label&amp;gt; is not clickable at point (813, 33). Other element would receive the click: &amp;lt;div data-reactid=&amp;quot;.0.1.1.0.0.1.2.0.0.1.0.0.5.0.0.0&amp;quot;&amp;gt;...&amp;lt;/div&amp;gt;
  (Session info: chrome=58.0.3029.110)
  (Driver info: chromedriver=2.27.440174 (e97a722caafc2d3a8b807ee115bfb307f7d2cfd9),platform=Windows NT 6.1.7601 SP1 x86_64) (WARNING: The server did not provide any stacktrace information)
Command duration or timeout: 64 milliseconds
Build info: version: &amp;apos;3.4.0&amp;apos;, revision: &amp;apos;unknown&amp;apos;, time: &amp;apos;unknown&amp;apos;
System info: host: &amp;apos;KFAUTIE-S47&amp;apos;, ip: &amp;apos;192.168.56.1&amp;apos;, os.name: &amp;apos;Windows 7&amp;apos;, os.arch: &amp;apos;amd64&amp;apos;, os.version: &amp;apos;6.1&amp;apos;, java.version: &amp;apos;1.8.0_111&amp;apos;
Driver info: org.openqa.selenium.chrome.ChromeDriver
Capabilities [{applicationCacheEnabled=false, rotatable=false, mobileEmulationEnabled=false, networkConnectionEnabled=false, chrome={chromedriverVersion=2.27.440174 (e97a722caafc2d3a8b807ee115bfb307f7d2cfd9), userDataDir=C:\Users\sjjadhav\AppData\Local\Temp\scoped_dir11976_23467}, takesHeapSnapshot=true, pageLoadStrategy=normal, databaseEnabled=false, handlesAlerts=true, hasTouchScreen=false, version=58.0.3029.110, platform=XP, browserConnectionEnabled=false, nativeEvents=true, acceptSslCerts=true, locationContextEnabled=true, webStorageEnabled=true, browserName=chrome, takesScreenshot=true, javascriptEnabled=true, cssSelectorsEnabled=true, unexpectedAlertBehaviour=}]
Session ID: b4fa0379a1284a7cf28e16035b0d8bc0">
      <![CDATA[org.openqa.selenium.WebDriverException: unknown error: Element <label class="variant" title="" aria-label="Select Gold / Blush / Gold" aria-hidden="false" tabindex="0" role="button" for="variant-swatcher-item-4" data-reactid=".0.1.1.1.0.0.1.2.1.1.0.0.0.4.0.$actual_color1-0.0.0.1.0.0:$actual_color-gold/blush/gold.1">...</label> is not clickable at point (813, 33). Other element would receive the click: <div data-reactid=".0.1.1.0.0.1.2.0.0.1.0.0.5.0.0.0">...</div>
  (Session info: chrome=58.0.3029.110)
  (Driver info: chromedriver=2.27.440174 (e97a722caafc2d3a8b807ee115bfb307f7d2cfd9),platform=Windows NT 6.1.7601 SP1 x86_64) (WARNING: The server did not provide any stacktrace information)
Command duration or timeout: 64 milliseconds
Build info: version: '3.4.0', revision: 'unknown', time: 'unknown'
System info: host: 'KFAUTIE-S47', ip: '192.168.56.1', os.name: 'Windows 7', os.arch: 'amd64', os.version: '6.1', java.version: '1.8.0_111'
Driver info: org.openqa.selenium.chrome.ChromeDriver
Capabilities [{applicationCacheEnabled=false, rotatable=false, mobileEmulationEnabled=false, networkConnectionEnabled=false, chrome={chromedriverVersion=2.27.440174 (e97a722caafc2d3a8b807ee115bfb307f7d2cfd9), userDataDir=C:\Users\sjjadhav\AppData\Local\Temp\scoped_dir11976_23467}, takesHeapSnapshot=true, pageLoadStrategy=normal, databaseEnabled=false, handlesAlerts=true, hasTouchScreen=false, version=58.0.3029.110, platform=XP, browserConnectionEnabled=false, nativeEvents=true, acceptSslCerts=true, locationContextEnabled=true, webStorageEnabled=true, browserName=chrome, takesScreenshot=true, javascriptEnabled=true, cssSelectorsEnabled=true, unexpectedAlertBehaviour=}]
Session ID: b4fa0379a1284a7cf28e16035b0d8bc0
	at org.openqa.selenium.remote.ErrorHandler.createThrowable(ErrorHandler.java:215)
	at org.openqa.selenium.remote.ErrorHandler.throwIfResponseFailed(ErrorHandler.java:167)
	at org.openqa.selenium.remote.RemoteWebDriver.execute(RemoteWebDriver.java:671)
	at org.openqa.selenium.remote.RemoteWebElement.execute(RemoteWebElement.java:272)
	at org.openqa.selenium.remote.RemoteWebElement.click(RemoteWebElement.java:82)
	at com.wbl.page.SearchDetailsPage.getColor(SearchDetailsPage.java:46)
	at com.wbl.test.SearchDetailsTest.getSizeTest(SearchDetailsTest.java:105)
... Removed 29 stack frames]]>
    </failure>
  </testcase> <!-- getSizeTest -->
</testsuite> <!-- Test -->
