<html>
<head>
<title>TestNG:  Test</title>
<link href="../testng.css" rel="stylesheet" type="text/css" />
<link href="../my-testng.css" rel="stylesheet" type="text/css" />

<style type="text/css">
.log { display: none;} 
.stack-trace { display: none;} 
</style>
<script type="text/javascript">
<!--
function flip(e) {
  current = e.style.display;
  if (current == 'block') {
    e.style.display = 'none';
    return 0;
  }
  else {
    e.style.display = 'block';
    return 1;
  }
}

function toggleBox(szDivId, elem, msg1, msg2)
{
  var res = -1;  if (document.getElementById) {
    res = flip(document.getElementById(szDivId));
  }
  else if (document.all) {
    // this is the way old msie versions work
    res = flip(document.all[szDivId]);
  }
  if(elem) {
    if(res == 0) elem.innerHTML = msg1; else elem.innerHTML = msg2;
  }

}

function toggleAllBoxes() {
  if (document.getElementsByTagName) {
    d = document.getElementsByTagName('div');
    for (i = 0; i < d.length; i++) {
      if (d[i].className == 'log') {
        flip(d[i]);
      }
    }
  }
}

// -->
</script>

</head>
<body>
<h2 align='center'>Test</h2><table border='1' align="center">
<tr>
<td>Tests passed/Failed/Skipped:</td><td>3/3/0</td>
</tr><tr>
<td>Started on:</td><td>Wed Jun 21 12:59:14 PDT 2017</td>
</tr>
<tr><td>Total time:</td><td>654 seconds (654421 ms)</td>
</tr><tr>
<td>Included groups:</td><td></td>
</tr><tr>
<td>Excluded groups:</td><td></td>
</tr>
</table><p/>
<small><i>(Hover the method name to see the test class name)</i></small><p/>
<table width='100%' border='1' class='invocation-failed'>
<tr><td colspan='4' align='center'><b>FAILED TESTS</b></td></tr>
<tr><td><b>Test method</b></td>
<td width="30%"><b>Exception</b></td>
<td width="10%"><b>Time (seconds)</b></td>
<td><b>Instance</b></td>
</tr>
<tr>
<td title='com.wbl.test.SearchDetailsTest.getColorTest()'><b>getColorTest</b><br>Test class: com.wbl.test.SearchDetailsTest<br>Parameters: https://www.walmart.com/ip/Ekidsbridal-Wedding-Pageant-Glitter-Sequin-Tulle-Flower-Girl-Dress-Toddler-Junior-Bridesmaid-Recital-Easter-Holiday-Communion-Birthday-Girls-Clothing/585061526?variantFieldId=actual_color, Gold / Blush / Gold, 2, 1, color disabled, You just added 1 item </td>
<td><div><pre>java.lang.AssertionError: expected [color found] but found [color disabled]
	at com.wbl.test.SearchDetailsTest.getColorTest(SearchDetailsTest.java:94)
... Removed 31 stack frames</pre></div><a href='#' onClick='toggleBox("stack-trace88301993", this, "Click to show all stack frames", "Click to hide stack frames")'>Click to show all stack frames</a>
<div class='stack-trace' id='stack-trace88301993'><pre>java.lang.AssertionError: expected [color found] but found [color disabled]
	at org.testng.Assert.fail(Assert.java:94)
	at org.testng.Assert.failNotEquals(Assert.java:513)
	at org.testng.Assert.assertEqualsImpl(Assert.java:135)
	at org.testng.Assert.assertEquals(Assert.java:116)
	at org.testng.Assert.assertEquals(Assert.java:190)
	at org.testng.Assert.assertEquals(Assert.java:200)
	at com.wbl.test.SearchDetailsTest.getColorTest(SearchDetailsTest.java:94)
	at sun.reflect.NativeMethodAccessorImpl.invoke0(Native Method)
	at sun.reflect.NativeMethodAccessorImpl.invoke(NativeMethodAccessorImpl.java:62)
	at sun.reflect.DelegatingMethodAccessorImpl.invoke(DelegatingMethodAccessorImpl.java:43)
	at java.lang.reflect.Method.invoke(Method.java:498)
	at org.testng.internal.MethodInvocationHelper.invokeMethod(MethodInvocationHelper.java:104)
	at org.testng.internal.Invoker.invokeMethod(Invoker.java:645)
	at org.testng.internal.Invoker.invokeTestMethod(Invoker.java:851)
	at org.testng.internal.Invoker.invokeTestMethods(Invoker.java:1177)
	at org.testng.internal.TestMethodWorker.invokeTestMethods(TestMethodWorker.java:129)
	at org.testng.internal.TestMethodWorker.run(TestMethodWorker.java:112)
	at org.testng.TestRunner.privateRun(TestRunner.java:756)
	at org.testng.TestRunner.run(TestRunner.java:610)
	at org.testng.SuiteRunner.runTest(SuiteRunner.java:387)
	at org.testng.SuiteRunner.runSequentially(SuiteRunner.java:382)
	at org.testng.SuiteRunner.privateRun(SuiteRunner.java:340)
	at org.testng.SuiteRunner.run(SuiteRunner.java:289)
	at org.testng.SuiteRunnerWorker.runSuite(SuiteRunnerWorker.java:52)
	at org.testng.SuiteRunnerWorker.run(SuiteRunnerWorker.java:86)
	at org.testng.TestNG.runSuitesSequentially(TestNG.java:1293)
	at org.testng.TestNG.runSuitesLocally(TestNG.java:1218)
	at org.testng.TestNG.runSuites(TestNG.java:1133)
	at org.testng.TestNG.run(TestNG.java:1104)
	at org.testng.remote.AbstractRemoteTestNG.run(AbstractRemoteTestNG.java:132)
	at org.testng.remote.RemoteTestNG.initAndRun(RemoteTestNG.java:236)
	at org.testng.remote.RemoteTestNG.main(RemoteTestNG.java:81)
</pre></div></td>
<td>115</td>
<td>com.wbl.test.SearchDetailsTest@703580bf</td></tr>
<tr>
<td title='com.wbl.test.SearchDetailsTest.getSizeTest()'><b>getSizeTest</b><br>Test class: com.wbl.test.SearchDetailsTest<br>Parameters: https://www.walmart.com/ip/Ekidsbridal-Wedding-Pageant-Glitter-Sequin-Tulle-Flower-Girl-Dress-Toddler-Junior-Bridesmaid-Recital-Easter-Holiday-Communion-Birthday-Girls-Clothing/585061526?variantFieldId=actual_color, Gold / Ivory / Navy, 5, 2, Add to Cart</td>
<td><div><pre>org.openqa.selenium.WebDriverException: unknown error: Element &lt;label class=&quot;variant&quot; title=&quot;&quot; aria-label=&quot;Select Gold / Ivory / Navy&quot; aria-hidden=&quot;false&quot; tabindex=&quot;0&quot; role=&quot;button&quot; for=&quot;variant-swatcher-item-5&quot; data-reactid=&quot;.0.1.1.1.0.0.1.2.1.1.0.0.0.4.0.$actual_color1-0.0.0.1.0.0:$actual_color-gold/ivory/navy.1&quot;&gt;...&lt;/label&gt; is not clickable at point (859, 33). Other element would receive the click: &lt;button type=&quot;button&quot; aria-disabled=&quot;false&quot; class=&quot;header-GlobalAccountFlyout-flyout-link dropdown-link font-bold display-block btn-fake-link&quot; data-automation-id=&quot;button&quot; data-tl-id=&quot;header-GlobalAccountFlyout-link&quot; id=&quot;header-GlobalAccountFlyout-flyout-link&quot; aria-haspopup=&quot;true&quot; aria-controls=&quot;header-GlobalAccountFlyout&quot; data-reactid=&quot;.0.1.1.0.0.1.2.0.0.1.0.0.5.0.0.0.1.0&quot;&gt;...&lt;/button&gt;
  (Session info: chrome=58.0.3029.110)
  (Driver info: chromedriver=2.27.440174 (e97a722caafc2d3a8b807ee115bfb307f7d2cfd9),platform=Windows NT 6.1.7601 SP1 x86_64) (WARNING: The server did not provide any stacktrace information)
Command duration or timeout: 1.40 seconds
Build info: version: &apos;3.4.0&apos;, revision: &apos;unknown&apos;, time: &apos;unknown&apos;
System info: host: &apos;KFAUTIE-S47&apos;, ip: &apos;192.168.56.1&apos;, os.name: &apos;Windows 7&apos;, os.arch: &apos;amd64&apos;, os.version: &apos;6.1&apos;, java.version: &apos;1.8.0_111&apos;
Driver info: org.openqa.selenium.chrome.ChromeDriver
Capabilities [{applicationCacheEnabled=false, rotatable=false, mobileEmulationEnabled=false, networkConnectionEnabled=false, chrome={chromedriverVersion=2.27.440174 (e97a722caafc2d3a8b807ee115bfb307f7d2cfd9), userDataDir=C:\Users\sjjadhav\AppData\Local\Temp\scoped_dir11976_23467}, takesHeapSnapshot=true, pageLoadStrategy=normal, databaseEnabled=false, handlesAlerts=true, hasTouchScreen=false, version=58.0.3029.110, platform=XP, browserConnectionEnabled=false, nativeEvents=true, acceptSslCerts=true, locationContextEnabled=true, webStorageEnabled=true, browserName=chrome, takesScreenshot=true, javascriptEnabled=true, cssSelectorsEnabled=true, unexpectedAlertBehaviour=}]
Session ID: b4fa0379a1284a7cf28e16035b0d8bc0
	at org.openqa.selenium.remote.ErrorHandler.createThrowable(ErrorHandler.java:215)
	at org.openqa.selenium.remote.ErrorHandler.throwIfResponseFailed(ErrorHandler.java:167)
	at org.openqa.selenium.remote.RemoteWebDriver.execute(RemoteWebDriver.java:671)
	at org.openqa.selenium.remote.RemoteWebElement.execute(RemoteWebElement.java:272)
	at org.openqa.selenium.remote.RemoteWebElement.click(RemoteWebElement.java:82)
	at com.wbl.page.SearchDetailsPage.getColor(SearchDetailsPage.java:46)
	at com.wbl.test.SearchDetailsTest.getSizeTest(SearchDetailsTest.java:105)
... Removed 29 stack frames</pre></div><a href='#' onClick='toggleBox("stack-trace1427775702", this, "Click to show all stack frames", "Click to hide stack frames")'>Click to show all stack frames</a>
<div class='stack-trace' id='stack-trace1427775702'><pre>org.openqa.selenium.WebDriverException: unknown error: Element &lt;label class=&quot;variant&quot; title=&quot;&quot; aria-label=&quot;Select Gold / Ivory / Navy&quot; aria-hidden=&quot;false&quot; tabindex=&quot;0&quot; role=&quot;button&quot; for=&quot;variant-swatcher-item-5&quot; data-reactid=&quot;.0.1.1.1.0.0.1.2.1.1.0.0.0.4.0.$actual_color1-0.0.0.1.0.0:$actual_color-gold/ivory/navy.1&quot;&gt;...&lt;/label&gt; is not clickable at point (859, 33). Other element would receive the click: &lt;button type=&quot;button&quot; aria-disabled=&quot;false&quot; class=&quot;header-GlobalAccountFlyout-flyout-link dropdown-link font-bold display-block btn-fake-link&quot; data-automation-id=&quot;button&quot; data-tl-id=&quot;header-GlobalAccountFlyout-link&quot; id=&quot;header-GlobalAccountFlyout-flyout-link&quot; aria-haspopup=&quot;true&quot; aria-controls=&quot;header-GlobalAccountFlyout&quot; data-reactid=&quot;.0.1.1.0.0.1.2.0.0.1.0.0.5.0.0.0.1.0&quot;&gt;...&lt;/button&gt;
  (Session info: chrome=58.0.3029.110)
  (Driver info: chromedriver=2.27.440174 (e97a722caafc2d3a8b807ee115bfb307f7d2cfd9),platform=Windows NT 6.1.7601 SP1 x86_64) (WARNING: The server did not provide any stacktrace information)
Command duration or timeout: 1.40 seconds
Build info: version: &apos;3.4.0&apos;, revision: &apos;unknown&apos;, time: &apos;unknown&apos;
System info: host: &apos;KFAUTIE-S47&apos;, ip: &apos;192.168.56.1&apos;, os.name: &apos;Windows 7&apos;, os.arch: &apos;amd64&apos;, os.version: &apos;6.1&apos;, java.version: &apos;1.8.0_111&apos;
Driver info: org.openqa.selenium.chrome.ChromeDriver
Capabilities [{applicationCacheEnabled=false, rotatable=false, mobileEmulationEnabled=false, networkConnectionEnabled=false, chrome={chromedriverVersion=2.27.440174 (e97a722caafc2d3a8b807ee115bfb307f7d2cfd9), userDataDir=C:\Users\sjjadhav\AppData\Local\Temp\scoped_dir11976_23467}, takesHeapSnapshot=true, pageLoadStrategy=normal, databaseEnabled=false, handlesAlerts=true, hasTouchScreen=false, version=58.0.3029.110, platform=XP, browserConnectionEnabled=false, nativeEvents=true, acceptSslCerts=true, locationContextEnabled=true, webStorageEnabled=true, browserName=chrome, takesScreenshot=true, javascriptEnabled=true, cssSelectorsEnabled=true, unexpectedAlertBehaviour=}]
Session ID: b4fa0379a1284a7cf28e16035b0d8bc0
	at sun.reflect.NativeConstructorAccessorImpl.newInstance0(Native Method)
	at sun.reflect.NativeConstructorAccessorImpl.newInstance(NativeConstructorAccessorImpl.java:62)
	at sun.reflect.DelegatingConstructorAccessorImpl.newInstance(DelegatingConstructorAccessorImpl.java:45)
	at java.lang.reflect.Constructor.newInstance(Constructor.java:423)
	at org.openqa.selenium.remote.ErrorHandler.createThrowable(ErrorHandler.java:215)
	at org.openqa.selenium.remote.ErrorHandler.throwIfResponseFailed(ErrorHandler.java:167)
	at org.openqa.selenium.remote.RemoteWebDriver.execute(RemoteWebDriver.java:671)
	at org.openqa.selenium.remote.RemoteWebElement.execute(RemoteWebElement.java:272)
	at org.openqa.selenium.remote.RemoteWebElement.click(RemoteWebElement.java:82)
	at com.wbl.page.SearchDetailsPage.getColor(SearchDetailsPage.java:46)
	at com.wbl.test.SearchDetailsTest.getSizeTest(SearchDetailsTest.java:105)
	at sun.reflect.NativeMethodAccessorImpl.invoke0(Native Method)
	at sun.reflect.NativeMethodAccessorImpl.invoke(NativeMethodAccessorImpl.java:62)
	at sun.reflect.DelegatingMethodAccessorImpl.invoke(DelegatingMethodAccessorImpl.java:43)
	at java.lang.reflect.Method.invoke(Method.java:498)
	at org.testng.internal.MethodInvocationHelper.invokeMethod(MethodInvocationHelper.java:104)
	at org.testng.internal.Invoker.invokeMethod(Invoker.java:645)
	at org.testng.internal.Invoker.invokeTestMethod(Invoker.java:851)
	at org.testng.internal.Invoker.invokeTestMethods(Invoker.java:1177)
	at org.testng.internal.TestMethodWorker.invokeTestMethods(TestMethodWorker.java:129)
	at org.testng.internal.TestMethodWorker.run(TestMethodWorker.java:112)
	at org.testng.TestRunner.privateRun(TestRunner.java:756)
	at org.testng.TestRunner.run(TestRunner.java:610)
	at org.testng.SuiteRunner.runTest(SuiteRunner.java:387)
	at org.testng.SuiteRunner.runSequentially(SuiteRunner.java:382)
	at org.testng.SuiteRunner.privateRun(SuiteRunner.java:340)
	at org.testng.SuiteRunner.run(SuiteRunner.java:289)
	at org.testng.SuiteRunnerWorker.runSuite(SuiteRunnerWorker.java:52)
	at org.testng.SuiteRunnerWorker.run(SuiteRunnerWorker.java:86)
	at org.testng.TestNG.runSuitesSequentially(TestNG.java:1293)
	at org.testng.TestNG.runSuitesLocally(TestNG.java:1218)
	at org.testng.TestNG.runSuites(TestNG.java:1133)
	at org.testng.TestNG.run(TestNG.java:1104)
	at org.testng.remote.AbstractRemoteTestNG.run(AbstractRemoteTestNG.java:132)
	at org.testng.remote.RemoteTestNG.initAndRun(RemoteTestNG.java:236)
	at org.testng.remote.RemoteTestNG.main(RemoteTestNG.java:81)
</pre></div></td>
<td>31</td>
<td>com.wbl.test.SearchDetailsTest@703580bf</td></tr>
<tr>
<td title='com.wbl.test.SearchDetailsTest.getSizeTest()'><b>getSizeTest</b><br>Test class: com.wbl.test.SearchDetailsTest<br>Parameters: https://www.walmart.com/ip/Ekidsbridal-Wedding-Pageant-Glitter-Sequin-Tulle-Flower-Girl-Dress-Toddler-Junior-Bridesmaid-Recital-Easter-Holiday-Communion-Birthday-Girls-Clothing/585061526?variantFieldId=actual_color, Gold / Blush / Gold, 2, 1, Get In-Stock Alert</td>
<td><div><pre>org.openqa.selenium.WebDriverException: unknown error: Element &lt;label class=&quot;variant&quot; title=&quot;&quot; aria-label=&quot;Select Gold / Blush / Gold&quot; aria-hidden=&quot;false&quot; tabindex=&quot;0&quot; role=&quot;button&quot; for=&quot;variant-swatcher-item-4&quot; data-reactid=&quot;.0.1.1.1.0.0.1.2.1.1.0.0.0.4.0.$actual_color1-0.0.0.1.0.0:$actual_color-gold/blush/gold.1&quot;&gt;...&lt;/label&gt; is not clickable at point (813, 33). Other element would receive the click: &lt;div data-reactid=&quot;.0.1.1.0.0.1.2.0.0.1.0.0.5.0.0.0&quot;&gt;...&lt;/div&gt;
  (Session info: chrome=58.0.3029.110)
  (Driver info: chromedriver=2.27.440174 (e97a722caafc2d3a8b807ee115bfb307f7d2cfd9),platform=Windows NT 6.1.7601 SP1 x86_64) (WARNING: The server did not provide any stacktrace information)
Command duration or timeout: 64 milliseconds
Build info: version: &apos;3.4.0&apos;, revision: &apos;unknown&apos;, time: &apos;unknown&apos;
System info: host: &apos;KFAUTIE-S47&apos;, ip: &apos;192.168.56.1&apos;, os.name: &apos;Windows 7&apos;, os.arch: &apos;amd64&apos;, os.version: &apos;6.1&apos;, java.version: &apos;1.8.0_111&apos;
Driver info: org.openqa.selenium.chrome.ChromeDriver
Capabilities [{applicationCacheEnabled=false, rotatable=false, mobileEmulationEnabled=false, networkConnectionEnabled=false, chrome={chromedriverVersion=2.27.440174 (e97a722caafc2d3a8b807ee115bfb307f7d2cfd9), userDataDir=C:\Users\sjjadhav\AppData\Local\Temp\scoped_dir11976_23467}, takesHeapSnapshot=true, pageLoadStrategy=normal, databaseEnabled=false, handlesAlerts=true, hasTouchScreen=false, version=58.0.3029.110, platform=XP, browserConnectionEnabled=false, nativeEvents=true, acceptSslCerts=true, locationContextEnabled=true, webStorageEnabled=true, browserName=chrome, takesScreenshot=true, javascriptEnabled=true, cssSelectorsEnabled=true, unexpectedAlertBehaviour=}]
Session ID: b4fa0379a1284a7cf28e16035b0d8bc0
	at org.openqa.selenium.remote.ErrorHandler.createThrowable(ErrorHandler.java:215)
	at org.openqa.selenium.remote.ErrorHandler.throwIfResponseFailed(ErrorHandler.java:167)
	at org.openqa.selenium.remote.RemoteWebDriver.execute(RemoteWebDriver.java:671)
	at org.openqa.selenium.remote.RemoteWebElement.execute(RemoteWebElement.java:272)
	at org.openqa.selenium.remote.RemoteWebElement.click(RemoteWebElement.java:82)
	at com.wbl.page.SearchDetailsPage.getColor(SearchDetailsPage.java:46)
	at com.wbl.test.SearchDetailsTest.getSizeTest(SearchDetailsTest.java:105)
... Removed 29 stack frames</pre></div><a href='#' onClick='toggleBox("stack-trace1095947149", this, "Click to show all stack frames", "Click to hide stack frames")'>Click to show all stack frames</a>
<div class='stack-trace' id='stack-trace1095947149'><pre>org.openqa.selenium.WebDriverException: unknown error: Element &lt;label class=&quot;variant&quot; title=&quot;&quot; aria-label=&quot;Select Gold / Blush / Gold&quot; aria-hidden=&quot;false&quot; tabindex=&quot;0&quot; role=&quot;button&quot; for=&quot;variant-swatcher-item-4&quot; data-reactid=&quot;.0.1.1.1.0.0.1.2.1.1.0.0.0.4.0.$actual_color1-0.0.0.1.0.0:$actual_color-gold/blush/gold.1&quot;&gt;...&lt;/label&gt; is not clickable at point (813, 33). Other element would receive the click: &lt;div data-reactid=&quot;.0.1.1.0.0.1.2.0.0.1.0.0.5.0.0.0&quot;&gt;...&lt;/div&gt;
  (Session info: chrome=58.0.3029.110)
  (Driver info: chromedriver=2.27.440174 (e97a722caafc2d3a8b807ee115bfb307f7d2cfd9),platform=Windows NT 6.1.7601 SP1 x86_64) (WARNING: The server did not provide any stacktrace information)
Command duration or timeout: 64 milliseconds
Build info: version: &apos;3.4.0&apos;, revision: &apos;unknown&apos;, time: &apos;unknown&apos;
System info: host: &apos;KFAUTIE-S47&apos;, ip: &apos;192.168.56.1&apos;, os.name: &apos;Windows 7&apos;, os.arch: &apos;amd64&apos;, os.version: &apos;6.1&apos;, java.version: &apos;1.8.0_111&apos;
Driver info: org.openqa.selenium.chrome.ChromeDriver
Capabilities [{applicationCacheEnabled=false, rotatable=false, mobileEmulationEnabled=false, networkConnectionEnabled=false, chrome={chromedriverVersion=2.27.440174 (e97a722caafc2d3a8b807ee115bfb307f7d2cfd9), userDataDir=C:\Users\sjjadhav\AppData\Local\Temp\scoped_dir11976_23467}, takesHeapSnapshot=true, pageLoadStrategy=normal, databaseEnabled=false, handlesAlerts=true, hasTouchScreen=false, version=58.0.3029.110, platform=XP, browserConnectionEnabled=false, nativeEvents=true, acceptSslCerts=true, locationContextEnabled=true, webStorageEnabled=true, browserName=chrome, takesScreenshot=true, javascriptEnabled=true, cssSelectorsEnabled=true, unexpectedAlertBehaviour=}]
Session ID: b4fa0379a1284a7cf28e16035b0d8bc0
	at sun.reflect.NativeConstructorAccessorImpl.newInstance0(Native Method)
	at sun.reflect.NativeConstructorAccessorImpl.newInstance(NativeConstructorAccessorImpl.java:62)
	at sun.reflect.DelegatingConstructorAccessorImpl.newInstance(DelegatingConstructorAccessorImpl.java:45)
	at java.lang.reflect.Constructor.newInstance(Constructor.java:423)
	at org.openqa.selenium.remote.ErrorHandler.createThrowable(ErrorHandler.java:215)
	at org.openqa.selenium.remote.ErrorHandler.throwIfResponseFailed(ErrorHandler.java:167)
	at org.openqa.selenium.remote.RemoteWebDriver.execute(RemoteWebDriver.java:671)
	at org.openqa.selenium.remote.RemoteWebElement.execute(RemoteWebElement.java:272)
	at org.openqa.selenium.remote.RemoteWebElement.click(RemoteWebElement.java:82)
	at com.wbl.page.SearchDetailsPage.getColor(SearchDetailsPage.java:46)
	at com.wbl.test.SearchDetailsTest.getSizeTest(SearchDetailsTest.java:105)
	at sun.reflect.NativeMethodAccessorImpl.invoke0(Native Method)
	at sun.reflect.NativeMethodAccessorImpl.invoke(NativeMethodAccessorImpl.java:62)
	at sun.reflect.DelegatingMethodAccessorImpl.invoke(DelegatingMethodAccessorImpl.java:43)
	at java.lang.reflect.Method.invoke(Method.java:498)
	at org.testng.internal.MethodInvocationHelper.invokeMethod(MethodInvocationHelper.java:104)
	at org.testng.internal.Invoker.invokeMethod(Invoker.java:645)
	at org.testng.internal.Invoker.invokeTestMethod(Invoker.java:851)
	at org.testng.internal.Invoker.invokeTestMethods(Invoker.java:1177)
	at org.testng.internal.TestMethodWorker.invokeTestMethods(TestMethodWorker.java:129)
	at org.testng.internal.TestMethodWorker.run(TestMethodWorker.java:112)
	at org.testng.TestRunner.privateRun(TestRunner.java:756)
	at org.testng.TestRunner.run(TestRunner.java:610)
	at org.testng.SuiteRunner.runTest(SuiteRunner.java:387)
	at org.testng.SuiteRunner.runSequentially(SuiteRunner.java:382)
	at org.testng.SuiteRunner.privateRun(SuiteRunner.java:340)
	at org.testng.SuiteRunner.run(SuiteRunner.java:289)
	at org.testng.SuiteRunnerWorker.runSuite(SuiteRunnerWorker.java:52)
	at org.testng.SuiteRunnerWorker.run(SuiteRunnerWorker.java:86)
	at org.testng.TestNG.runSuitesSequentially(TestNG.java:1293)
	at org.testng.TestNG.runSuitesLocally(TestNG.java:1218)
	at org.testng.TestNG.runSuites(TestNG.java:1133)
	at org.testng.TestNG.run(TestNG.java:1104)
	at org.testng.remote.AbstractRemoteTestNG.run(AbstractRemoteTestNG.java:132)
	at org.testng.remote.RemoteTestNG.initAndRun(RemoteTestNG.java:236)
	at org.testng.remote.RemoteTestNG.main(RemoteTestNG.java:81)
</pre></div></td>
<td>252</td>
<td>com.wbl.test.SearchDetailsTest@703580bf</td></tr>
</table><p>
<table width='100%' border='1' class='invocation-passed'>
<tr><td colspan='4' align='center'><b>PASSED TESTS</b></td></tr>
<tr><td><b>Test method</b></td>
<td width="30%"><b>Exception</b></td>
<td width="10%"><b>Time (seconds)</b></td>
<td><b>Instance</b></td>
</tr>
<tr>
<td title='com.wbl.test.SearchDetailsTest.getColorTest()'><b>getColorTest</b><br>Test class: com.wbl.test.SearchDetailsTest<br>Parameters: https://www.walmart.com/ip/Ekidsbridal-Wedding-Pageant-Glitter-Sequin-Tulle-Flower-Girl-Dress-Toddler-Junior-Bridesmaid-Recital-Easter-Holiday-Communion-Birthday-Girls-Clothing/585061526?variantFieldId=actual_color, Gold / Ivory / Navy, 5, 2, color found, You just added 1 item </td>
<td></td>
<td>175</td>
<td>com.wbl.test.SearchDetailsTest@703580bf</td></tr>
<tr>
<td title='com.wbl.test.SearchDetailsTest.getQuantityTest()'><b>getQuantityTest</b><br>Test class: com.wbl.test.SearchDetailsTest<br>Parameters: https://www.walmart.com/ip/Ekidsbridal-Wedding-Pageant-Glitter-Sequin-Tulle-Flower-Girl-Dress-Toddler-Junior-Bridesmaid-Recital-Easter-Holiday-Communion-Birthday-Girls-Clothing/585061526?variantFieldId=actual_color, Gold / Ivory / Navy, 5, 2, color found, You just added 1 item </td>
<td></td>
<td>50</td>
<td>com.wbl.test.SearchDetailsTest@703580bf</td></tr>
<tr>
<td title='com.wbl.test.SearchDetailsTest.getQuantityTest()'><b>getQuantityTest</b><br>Test class: com.wbl.test.SearchDetailsTest<br>Parameters: https://www.walmart.com/ip/Ekidsbridal-Wedding-Pageant-Glitter-Sequin-Tulle-Flower-Girl-Dress-Toddler-Junior-Bridesmaid-Recital-Easter-Holiday-Communion-Birthday-Girls-Clothing/585061526?variantFieldId=actual_color, Gold / Blush / Gold, 2, 1, color disabled, You just added 1 item </td>
<td></td>
<td>26</td>
<td>com.wbl.test.SearchDetailsTest@703580bf</td></tr>
</table><p>
</body>
</html>